2018-01-04 21:32:34 : sqlStringBuilder = DROP TABLE data
2018-01-04 21:32:34 : --- Body ---
2018-01-04 21:32:34 : 
2018-01-04 21:32:34 : *** Cockpit.startup ***
2018-01-04 21:32:34 : 
2018-01-04 21:32:34 : *** Cockpit.taxi ***
2018-01-04 21:32:34 : 
2018-01-04 21:32:34 : *** Cockpit.takeoff ***
2018-01-04 21:32:34 : 
2018-01-04 21:32:34 : *** Cockpit.climbing ***
2018-01-04 21:32:34 : 
2018-01-04 21:32:34 : *** Cockpit.rightTurn ***
2018-01-04 21:32:35 : 
2018-01-04 21:32:35 : *** Cockpit.leftTurn ***
2018-01-04 21:32:35 : 
2018-01-04 21:32:35 : *** Cockpit.descent ***
2018-01-04 21:32:35 : 
2018-01-04 21:32:35 : *** Cockpit.landing ***
2018-01-04 21:32:35 : 
2018-01-04 21:32:35 : *** Cockpit.shutdown ***
2018-01-04 21:32:35 : 
